<?xml version="1.0" encoding="UTF-8"?>
<!-- Generated by org.testng.reporters.JUnitReportReporter -->
<testsuite skipped="0" hostname="Rupeshkumard" name="jenkins.Demo1" tests="1" failures="0" timestamp="25 Mar 2019 10:44:39 GMT" time="0.012" errors="0">
  <testcase name="test" time="0.012" classname="jenkins.Demo1"/>
</testsuite> <!-- jenkins.Demo1 -->
